  hack.cpp
D:\PiMy internal\csgo\trgbt\Project1\includes.h(11,33): warning C4081: se esperaba 'newline'; se encontró ';'
D:\PiMy internal\csgo\trgbt\Project1\includes.h(13,34): warning C4081: se esperaba 'newline'; se encontró ';'
D:\PiMy internal\csgo\trgbt\Project1\hack.h(536,12): warning C4099: 'Ent': nombre de tipo visto anteriormente usando 'class' ahora se ve usando 'struct'
D:\PiMy internal\csgo\trgbt\Project1\hack.h(509): message : vea la declaración de 'Ent'
D:\PiMy internal\csgo\trgbt\Project1\hack.cpp(136,12): warning C4101: 'EnemieBoneMatrix': variable local sin referencia
D:\PiMy internal\csgo\trgbt\Project1\hack.cpp(200,48): warning C4244: '+=': conversión de 'double' a 'float'; posible pérdida de datos
D:\PiMy internal\csgo\trgbt\Project1\hack.cpp(201,48): warning C4244: '+=': conversión de 'double' a 'float'; posible pérdida de datos
D:\PiMy internal\csgo\trgbt\Project1\hack.cpp(202,48): warning C4244: '+=': conversión de 'double' a 'float'; posible pérdida de datos
D:\PiMy internal\csgo\trgbt\Project1\hack.cpp(206,41): warning C4244: '+=': conversión de 'double' a 'float'; posible pérdida de datos
D:\PiMy internal\csgo\trgbt\Project1\hack.cpp(207,41): warning C4244: '+=': conversión de 'double' a 'float'; posible pérdida de datos
D:\PiMy internal\csgo\trgbt\Project1\hack.cpp(208,41): warning C4244: '+=': conversión de 'double' a 'float'; posible pérdida de datos
D:\PiMy internal\csgo\trgbt\Project1\hack.cpp(224,14): warning C4244: 'inicializando': conversión de 'double' a 'float'; posible pérdida de datos
D:\PiMy internal\csgo\trgbt\Project1\hack.cpp(229,35): warning C4244: '=': conversión de 'double' a 'float'; posible pérdida de datos
D:\PiMy internal\csgo\trgbt\Project1\hack.cpp(230,53): warning C4244: '=': conversión de 'double' a 'float'; posible pérdida de datos
D:\PiMy internal\csgo\trgbt\Project1\hack.cpp(173,12): warning C4101: 'EnemieBoneMatrix': variable local sin referencia
D:\PiMy internal\csgo\trgbt\Project1\hack.cpp(282,16): warning C4244: '=': conversión de 'double' a 'LONG'; posible pérdida de datos
D:\PiMy internal\csgo\trgbt\Project1\hack.cpp(283,16): warning C4244: '=': conversión de 'double' a 'LONG'; posible pérdida de datos
  drawing.cpp
D:\PiMy internal\csgo\trgbt\Project1\includes.h(11,33): warning C4081: se esperaba 'newline'; se encontró ';'
D:\PiMy internal\csgo\trgbt\Project1\includes.h(13,34): warning C4081: se esperaba 'newline'; se encontró ';'
D:\PiMy internal\csgo\trgbt\Project1\hack.h(536,12): warning C4099: 'Ent': nombre de tipo visto anteriormente usando 'class' ahora se ve usando 'struct'
D:\PiMy internal\csgo\trgbt\Project1\hack.h(509): message : vea la declaración de 'Ent'
D:\PiMy internal\csgo\trgbt\Project1\drawing.cpp(16,28): warning C4244: 'argumento': conversión de 'int' a 'FLOAT'; posible pérdida de datos
D:\PiMy internal\csgo\trgbt\Project1\drawing.cpp(16,24): warning C4244: 'argumento': conversión de 'int' a 'FLOAT'; posible pérdida de datos
D:\PiMy internal\csgo\trgbt\Project1\drawing.cpp(17,28): warning C4244: 'argumento': conversión de 'int' a 'FLOAT'; posible pérdida de datos
D:\PiMy internal\csgo\trgbt\Project1\drawing.cpp(17,24): warning C4244: 'argumento': conversión de 'int' a 'FLOAT'; posible pérdida de datos
D:\PiMy internal\csgo\trgbt\Project1\drawing.cpp(18,24): warning C4244: 'argumento': conversión de 'int' a 'FLOAT'; posible pérdida de datos
D:\PiMy internal\csgo\trgbt\Project1\drawing.cpp(25,35): warning C4244: 'argumento': conversión de 'float' a 'int'; posible pérdida de datos
D:\PiMy internal\csgo\trgbt\Project1\drawing.cpp(25,28): warning C4244: 'argumento': conversión de 'float' a 'int'; posible pérdida de datos
D:\PiMy internal\csgo\trgbt\Project1\drawing.cpp(25,21): warning C4244: 'argumento': conversión de 'float' a 'int'; posible pérdida de datos
D:\PiMy internal\csgo\trgbt\Project1\drawing.cpp(25,14): warning C4244: 'argumento': conversión de 'float' a 'int'; posible pérdida de datos
  dx.cpp
D:\PiMy internal\csgo\trgbt\Project1\includes.h(11,33): warning C4081: se esperaba 'newline'; se encontró ';'
D:\PiMy internal\csgo\trgbt\Project1\includes.h(13,34): warning C4081: se esperaba 'newline'; se encontró ';'
D:\PiMy internal\csgo\trgbt\Project1\hack.h(536,12): warning C4099: 'Ent': nombre de tipo visto anteriormente usando 'class' ahora se ve usando 'struct'
D:\PiMy internal\csgo\trgbt\Project1\hack.h(509): message : vea la declaración de 'Ent'
  dllmain.cpp
D:\PiMy internal\csgo\trgbt\Project1\includes.h(11,33): warning C4081: se esperaba 'newline'; se encontró ';'
D:\PiMy internal\csgo\trgbt\Project1\includes.h(13,34): warning C4081: se esperaba 'newline'; se encontró ';'
D:\PiMy internal\csgo\trgbt\Project1\hack.h(536,12): warning C4099: 'Ent': nombre de tipo visto anteriormente usando 'class' ahora se ve usando 'struct'
D:\PiMy internal\csgo\trgbt\Project1\hack.h(509): message : vea la declaración de 'Ent'
D:\PiMy internal\csgo\trgbt\Project1\dllmain.cpp(168,42): warning C4244: 'argumento': conversión de 'float' a 'int'; posible pérdida de datos
D:\PiMy internal\csgo\trgbt\Project1\dllmain.cpp(168,30): warning C4244: 'argumento': conversión de 'float' a 'int'; posible pérdida de datos
D:\PiMy internal\csgo\trgbt\Project1\dllmain.cpp(173,39): warning C4244: '=': conversión de 'int' a 'float'; posible pérdida de datos
D:\PiMy internal\csgo\trgbt\Project1\dllmain.cpp(174,40): warning C4244: '=': conversión de 'int' a 'float'; posible pérdida de datos
  hook.cpp
D:\PiMy internal\csgo\trgbt\Project1\includes.h(11,33): warning C4081: se esperaba 'newline'; se encontró ';'
D:\PiMy internal\csgo\trgbt\Project1\includes.h(13,34): warning C4081: se esperaba 'newline'; se encontró ';'
D:\PiMy internal\csgo\trgbt\Project1\hack.h(536,12): warning C4099: 'Ent': nombre de tipo visto anteriormente usando 'class' ahora se ve usando 'struct'
D:\PiMy internal\csgo\trgbt\Project1\hack.h(509): message : vea la declaración de 'Ent'
  Generando código...
D:\PiMy internal\csgo\trgbt\Project1\hook.cpp(19): warning C4715: 'Hook': no todas las rutas de acceso de control devuelven un valor
  Project1.vcxproj -> D:\PiMy internal\csgo\trgbt\Debug\Project1.dll
